<?xml version="1.0" encoding="UTF-8"?>
<!-- Generated by org.testng.reporters.JUnitXMLReporter -->
<testsuite hostname="PORTABLEONE" name="Default test" tests="3" failures="0" timestamp="27 Jun 2016 05:51:21 GMT" time="0.027" errors="0">
  <testcase name="usingAnnotations" time="0.008" classname="dataDriven.dataProvider.DataProviderExampleTest"/>
  <testcase name="usingAnnotations" time="0.001" classname="dataDriven.dataProvider.DataProviderExampleTest"/>
  <testcase name="usingXMLFile" time="0.001" classname="dataDriven.dataProvider.DataProviderExampleTest">
    <skipped/>
  </testcase> <!-- usingXMLFile -->
</testsuite> <!-- Default test -->
