<?xml version="1.0" encoding="UTF-8"?>
<testng-results skipped="0" failed="1" total="3" passed="2">
  <reporter-output>
  </reporter-output>
  <suite name="ParameterExampleSuite" duration-ms="27" started-at="2016-06-27T05:51:21Z" finished-at="2016-06-27T05:51:21Z">
    <groups>
    </groups>
    <test name="Default test" duration-ms="27" started-at="2016-06-27T05:51:21Z" finished-at="2016-06-27T05:51:21Z">
      <class name="dataDriven.dataProvider.DataProviderExampleTest">
        <test-method status="PASS" signature="usingAnnotations(int, java.lang.String)[pri:0, instance:dataDriven.dataProvider.DataProviderExampleTest@6d4b1c02]" name="usingAnnotations" duration-ms="8" started-at="2016-06-26T22:51:21Z" data-provider="getData" finished-at="2016-06-26T22:51:21Z">
          <params>
            <param index="0">
              <value>
                <![CDATA[5]]>
              </value>
            </param>
            <param index="1">
              <value>
                <![CDATA[five]]>
              </value>
            </param>
          </params>
          <reporter-output>
          </reporter-output>
        </test-method> <!-- usingAnnotations -->
        <test-method status="PASS" signature="usingAnnotations(int, java.lang.String)[pri:0, instance:dataDriven.dataProvider.DataProviderExampleTest@6d4b1c02]" name="usingAnnotations" duration-ms="1" started-at="2016-06-26T22:51:21Z" data-provider="getData" finished-at="2016-06-26T22:51:21Z">
          <params>
            <param index="0">
              <value>
                <![CDATA[6]]>
              </value>
            </param>
            <param index="1">
              <value>
                <![CDATA[six]]>
              </value>
            </param>
          </params>
          <reporter-output>
          </reporter-output>
        </test-method> <!-- usingAnnotations -->
        <test-method status="FAIL" signature="usingXMLFile(int, java.lang.String)[pri:0, instance:dataDriven.dataProvider.DataProviderExampleTest@6d4b1c02]" name="usingXMLFile" duration-ms="0" started-at="2016-06-26T22:51:21Z" finished-at="2016-06-26T22:51:21Z">
          <exception class="org.testng.TestNGException">
            <message>
              <![CDATA[
Parameter 'param1' is required by @Test on method usingXMLFile but has not been marked @Optional or defined
in C:\Users\moort\AppData\Local\Temp\testng-eclipse--176751245\testng-customsuite.xml]]>
            </message>
            <full-stacktrace>
              <![CDATA[org.testng.TestNGException: 
Parameter 'param1' is required by @Test on method usingXMLFile but has not been marked @Optional or defined
in C:\Users\moort\AppData\Local\Temp\testng-eclipse--176751245\testng-customsuite.xml
	at org.testng.internal.Parameters.createParameters(Parameters.java:155)
	at org.testng.internal.Parameters.createParameters(Parameters.java:355)
	at org.testng.internal.Parameters.handleParameters(Parameters.java:447)
	at org.testng.internal.Invoker.handleParameters(Invoker.java:1383)
	at org.testng.internal.Invoker.createParameters(Invoker.java:1075)
	at org.testng.internal.Invoker.invokeTestMethods(Invoker.java:1180)
	at org.testng.internal.TestMethodWorker.invokeTestMethods(TestMethodWorker.java:127)
	at org.testng.internal.TestMethodWorker.run(TestMethodWorker.java:111)
	at org.testng.TestRunner.privateRun(TestRunner.java:767)
	at org.testng.TestRunner.run(TestRunner.java:617)
	at org.testng.SuiteRunner.runTest(SuiteRunner.java:334)
	at org.testng.SuiteRunner.runSequentially(SuiteRunner.java:329)
	at org.testng.SuiteRunner.privateRun(SuiteRunner.java:291)
	at org.testng.SuiteRunner.run(SuiteRunner.java:240)
	at org.testng.SuiteRunnerWorker.runSuite(SuiteRunnerWorker.java:52)
	at org.testng.SuiteRunnerWorker.run(SuiteRunnerWorker.java:86)
	at org.testng.TestNG.runSuitesSequentially(TestNG.java:1198)
	at org.testng.TestNG.runSuitesLocally(TestNG.java:1123)
	at org.testng.TestNG.run(TestNG.java:1031)
	at org.testng.remote.AbstractRemoteTestNG.run(AbstractRemoteTestNG.java:126)
	at org.testng.remote.RemoteTestNG.initAndRun(RemoteTestNG.java:137)
	at org.testng.remote.RemoteTestNG.main(RemoteTestNG.java:58)
]]>
            </full-stacktrace>
          </exception> <!-- org.testng.TestNGException -->
          <reporter-output>
          </reporter-output>
        </test-method> <!-- usingXMLFile -->
      </class> <!-- dataDriven.dataProvider.DataProviderExampleTest -->
    </test> <!-- Default test -->
  </suite> <!-- ParameterExampleSuite -->
</testng-results>
